<?xml version="1.0" encoding="UTF-8"?>
<!-- Generated by org.testng.reporters.JUnitReportReporter -->
<testsuite hostname="DESKTOP-9GT9N0E" failures="0" tests="3" name="testcases.SimplilearnLoginTest" time="42.683" errors="0" timestamp="2022-11-11T08:46:36 IST" skipped="0">
  <testcase classname="testcases.SimplilearnLoginTest" name="Test3" time="16.196"/>
  <system-out/>
  <testcase classname="testcases.SimplilearnLoginTest" name="Test1" time="14.410"/>
  <system-out/>
  <testcase classname="testcases.SimplilearnLoginTest" name="Test2" time="12.077"/>
  <system-out/>
</testsuite> <!-- testcases.SimplilearnLoginTest -->
