<?xml version="1.0" encoding="UTF-8"?>
<!-- Generated by org.testng.reporters.JUnitReportReporter -->
<testsuite hostname="DESKTOP-9GT9N0E" failures="0" tests="1" name="testcases.HomeTest" time="2.810" errors="0" timestamp="2022-11-10T08:55:32 IST" skipped="0">
  <testcase classname="testcases.HomeTest" name="Test1" time="2.810"/>
  <system-out/>
</testsuite> <!-- testcases.HomeTest -->
