<?xml version="1.0" encoding="UTF-8"?>
<!-- Generated by org.testng.reporters.JUnitReportReporter -->
<testsuite hostname="DESKTOP-9GT9N0E" failures="0" tests="2" name="testcases.SimplilearnLoginTest" time="18.768" errors="0" timestamp="2022-11-10T08:55:32 IST" skipped="0">
  <testcase classname="testcases.SimplilearnLoginTest" name="Test1" time="10.846"/>
  <system-out/>
  <testcase classname="testcases.SimplilearnLoginTest" name="Test2" time="7.922"/>
  <system-out/>
</testsuite> <!-- testcases.SimplilearnLoginTest -->
